[    0.000000] Initializing cgroup subsys cpuset
[    0.000000] Initializing cgroup subsys cpu
[    0.000000] Initializing cgroup subsys cpuacct
[    0.000000] Linux version 4.4.0-174-generic (buildd@lcy01-amd64-027) (gcc version 5.4.0 20160609 (Ubuntu 5.4.0-6ubuntu1~16.04.12) ) #204-Ubuntu SMP Wed Jan 29 06:41:01 UTC 2020 (Ubuntu 4.4.0-174.204-generic 4.4.211)
[    0.000000] Command line: BOOT_IMAGE=/boot/vmlinuz-4.4.0-174-generic root=LABEL=cloudimg-rootfs ro console=tty1 console=ttyS0
[    0.000000] KERNEL supported cpus:
[    0.000000]   Intel GenuineIntel
[    0.000000]   AMD AuthenticAMD
[    0.000000]   Centaur CentaurHauls
[    0.000000] x86/fpu: xstate_offset[2]:  576, xstate_sizes[2]:  256
[    0.000000] x86/fpu: Supporting XSAVE feature 0x01: 'x87 floating point registers'
[    0.000000] x86/fpu: Supporting XSAVE feature 0x02: 'SSE registers'
[    0.000000] x86/fpu: Supporting XSAVE feature 0x04: 'AVX registers'
[    0.000000] x86/fpu: Enabled xstate features 0x7, context size is 832 bytes, using 'standard' format.
[    0.000000] e820: BIOS-provided physical RAM map:
[    0.000000] BIOS-e820: [mem 0x0000000000000000-0x000000000009fbff] usable
[    0.000000] BIOS-e820: [mem 0x000000000009fc00-0x000000000009ffff] reserved
[    0.000000] BIOS-e820: [mem 0x00000000000f0000-0x00000000000fffff] reserved
[    0.000000] BIOS-e820: [mem 0x0000000000100000-0x000000003ffeffff] usable
[    0.000000] BIOS-e820: [mem 0x000000003fff0000-0x000000003fffffff] ACPI data
[    0.000000] BIOS-e820: [mem 0x00000000fec00000-0x00000000fec00fff] reserved
[    0.000000] BIOS-e820: [mem 0x00000000fee00000-0x00000000fee00fff] reserved
[    0.000000] BIOS-e820: [mem 0x00000000fffc0000-0x00000000ffffffff] reserved
[    0.000000] NX (Execute Disable) protection: active
[    0.000000] SMBIOS 2.5 present.
[    0.000000] Hypervisor detected: KVM
[    0.000000] e820: last_pfn = 0x3fff0 max_arch_pfn = 0x400000000
[    0.000000] MTRR: Disabled
[    0.000000] x86/PAT: MTRRs disabled, skipping PAT initialization too.
[    0.000000] CPU MTRRs all blank - virtualized system.
[    0.000000] x86/PAT: Configuration [0-7]: WB  WT  UC- UC  WB  WT  UC- UC  
[    0.000000] found SMP MP-table at [mem 0x0009fff0-0x0009ffff] mapped at [ffff88000009fff0]
[    0.000000] Scanning 1 areas for low memory corruption
[    0.000000] RAMDISK: [mem 0x362e0000-0x37167fff]
[    0.000000] ACPI: Early table checksum verification disabled
[    0.000000] ACPI: RSDP 0x00000000000E0000 000024 (v02 VBOX  )
[    0.000000] ACPI: XSDT 0x000000003FFF0030 00003C (v01 VBOX   VBOXXSDT 00000001 ASL  00000061)
[    0.000000] ACPI: FACP 0x000000003FFF00F0 0000F4 (v04 VBOX   VBOXFACP 00000001 ASL  00000061)
[    0.000000] ACPI: DSDT 0x000000003FFF0470 0022EA (v02 VBOX   VBOXBIOS 00000002 INTL 20100528)
[    0.000000] ACPI: FACS 0x000000003FFF0200 000040
[    0.000000] ACPI: FACS 0x000000003FFF0200 000040
[    0.000000] ACPI: APIC 0x000000003FFF0240 00005C (v02 VBOX   VBOXAPIC 00000001 ASL  00000061)
[    0.000000] ACPI: SSDT 0x000000003FFF02A0 0001CC (v01 VBOX   VBOXCPUT 00000002 INTL 20100528)
[    0.000000] No NUMA configuration found
[    0.000000] Faking a node at [mem 0x0000000000000000-0x000000003ffeffff]
[    0.000000] NODE_DATA(0) allocated [mem 0x3ffeb000-0x3ffeffff]
[    0.000000] kvm-clock: Using msrs 4b564d01 and 4b564d00
[    0.000000] kvm-clock: cpu 0, msr 0:3ffe3001, primary cpu clock
[    0.000000] kvm-clock: using sched offset of 9714047240 cycles
[    0.000000] clocksource: kvm-clock: mask: 0xffffffffffffffff max_cycles: 0x1cd42e4dffb, max_idle_ns: 881590591483 ns
[    0.000000] Zone ranges:
[    0.000000]   DMA      [mem 0x0000000000001000-0x0000000000ffffff]
[    0.000000]   DMA32    [mem 0x0000000001000000-0x000000003ffeffff]
[    0.000000]   Normal   empty
[    0.000000]   Device   empty
[    0.000000] Movable zone start for each node
[    0.000000] Early memory node ranges
[    0.000000]   node   0: [mem 0x0000000000001000-0x000000000009efff]
[    0.000000]   node   0: [mem 0x0000000000100000-0x000000003ffeffff]
[    0.000000] Initmem setup node 0 [mem 0x0000000000001000-0x000000003ffeffff]
[    0.000000] ACPI: PM-Timer IO Port: 0x4008
[    0.000000] IOAPIC[0]: apic_id 2, version 32, address 0xfec00000, GSI 0-23
[    0.000000] ACPI: INT_SRC_OVR (bus 0 bus_irq 0 global_irq 2 dfl dfl)
[    0.000000] ACPI: INT_SRC_OVR (bus 0 bus_irq 9 global_irq 9 low level)
[    0.000000] Using ACPI (MADT) for SMP configuration information
[    0.000000] smpboot: Allowing 2 CPUs, 0 hotplug CPUs
[    0.000000] PM: Registered nosave memory: [mem 0x00000000-0x00000fff]
[    0.000000] PM: Registered nosave memory: [mem 0x0009f000-0x0009ffff]
[    0.000000] PM: Registered nosave memory: [mem 0x000a0000-0x000effff]
[    0.000000] PM: Registered nosave memory: [mem 0x000f0000-0x000fffff]
[    0.000000] e820: [mem 0x40000000-0xfebfffff] available for PCI devices
[    0.000000] Booting paravirtualized kernel on KVM
[    0.000000] clocksource: refined-jiffies: mask: 0xffffffff max_cycles: 0xffffffff, max_idle_ns: 7645519600211568 ns
[    0.000000] setup_percpu: NR_CPUS:512 nr_cpumask_bits:512 nr_cpu_ids:2 nr_node_ids:1
[    0.000000] PERCPU: Embedded 33 pages/cpu @ffff88003fc00000 s95448 r8192 d31528 u1048576
[    0.000000] Built 1 zonelists in Node order, mobility grouping on.  Total pages: 257912
[    0.000000] Policy zone: DMA32
[    0.000000] Kernel command line: BOOT_IMAGE=/boot/vmlinuz-4.4.0-174-generic root=LABEL=cloudimg-rootfs ro console=tty1 console=ttyS0
[    0.000000] PID hash table entries: 4096 (order: 3, 32768 bytes)
[    0.000000] Memory: 997672K/1048120K available (8626K kernel code, 1336K rwdata, 4032K rodata, 1488K init, 1292K bss, 50448K reserved, 0K cma-reserved)
[    0.000000] SLUB: HWalign=64, Order=0-3, MinObjects=0, CPUs=2, Nodes=1
[    0.000000] Kernel/User page tables isolation: enabled
[    0.000000] Hierarchical RCU implementation.
[    0.000000] 	Build-time adjustment of leaf fanout to 64.
[    0.000000] 	RCU restricting CPUs from NR_CPUS=512 to nr_cpu_ids=2.
[    0.000000] RCU: Adjusting geometry for rcu_fanout_leaf=64, nr_cpu_ids=2
[    0.000000] NR_IRQS:33024 nr_irqs:440 16
[    0.000000] Console: colour VGA+ 80x25
[    0.000000] console [tty1] enabled
[    0.000000] console [ttyS0] enabled
[    0.000000] tsc: Detected 1599.999 MHz processor
[    1.706156] Calibrating delay loop (skipped) preset value.. 3199.99 BogoMIPS (lpj=6399996)
[    1.748239] pid_max: default: 32768 minimum: 301
[    1.751153] ACPI: Core revision 20150930
[    1.761466] ACPI: 2 ACPI AML tables successfully acquired and loaded
[    1.772974] Security Framework initialized
[    1.787852] Yama: becoming mindful.
[    1.796384] AppArmor: AppArmor initialized
[    1.812660] Dentry cache hash table entries: 131072 (order: 8, 1048576 bytes)
[    1.846991] Inode-cache hash table entries: 65536 (order: 7, 524288 bytes)
[    1.862858] Mount-cache hash table entries: 2048 (order: 2, 16384 bytes)
[    1.868342] Mountpoint-cache hash table entries: 2048 (order: 2, 16384 bytes)
[    1.879972] Initializing cgroup subsys io
[    1.883182] Initializing cgroup subsys memory
[    1.888448] Initializing cgroup subsys devices
[    1.900599] Initializing cgroup subsys freezer
[    1.914875] Initializing cgroup subsys net_cls
[    1.927564] Initializing cgroup subsys perf_event
[    1.937677] Initializing cgroup subsys net_prio
[    1.972486] Initializing cgroup subsys hugetlb
[    1.989824] Initializing cgroup subsys pids
[    2.021011] mce: CPU supports 0 MCE banks
[    2.029626] Last level iTLB entries: 4KB 64, 2MB 8, 4MB 8
[    2.072440] Last level dTLB entries: 4KB 64, 2MB 0, 4MB 0, 1GB 4
[    2.102622] Spectre V1 : Mitigation: usercopy/swapgs barriers and __user pointer sanitization
[    2.125067] Spectre V2 : Mitigation: Full generic retpoline
[    2.130782] Spectre V2 : Spectre v2 / SpectreRSB mitigation: Filling RSB on context switch
[    2.136436] Speculative Store Bypass: Vulnerable
[    2.142901] MDS: Mitigation: Clear CPU buffers
[    2.155078] Freeing SMP alternatives memory: 36K
[    2.168448] ftrace: allocating 32305 entries in 127 pages
[    2.346964] smpboot: APIC(0) Converting physical 0 to logical package 0
[    2.353395] smpboot: Max logical packages: 1
[    2.359202] x2apic enabled
[    2.364717] Switched APIC routing to physical x2apic.
[    2.369559] ..TIMER: vector=0x30 apic1=0 pin1=2 apic2=-1 pin2=-1
[    2.494238] APIC calibration not consistent with PM-Timer: 107ms instead of 100ms
[    2.507103] APIC delta adjusted to PM-Timer: 6253493 (6714512)
[    2.521574] smpboot: CPU0: Intel(R) Core(TM) i5-5250U CPU @ 1.60GHz (family: 0x6, model: 0x3d, stepping: 0x4)
[    2.530831] Performance Events: unsupported p6 CPU model 61 no PMU driver, software events only.
[    2.555585] KVM setup paravirtual spinlock
[    2.566780] x86: Booting SMP configuration:
[    2.571299] .... node  #0, CPUs:      #1
[    2.578274] kvm-clock: cpu 1, msr 0:3ffe3041, secondary cpu clock
[    2.586030] mce: CPU supports 0 MCE banks
[    2.589932] x86: Booted up 1 node, 2 CPUs
[    2.592745] smpboot: Total of 2 processors activated (6399.99 BogoMIPS)
[    2.600259] devtmpfs: initialized
[    2.607818] evm: security.selinux
[    2.609889] evm: security.SMACK64
[    2.634635] evm: security.SMACK64EXEC
[    2.655117] evm: security.SMACK64TRANSMUTE
[    2.663370] evm: security.SMACK64MMAP
[    2.666397] evm: security.ima
[    2.669156] evm: security.capability
[    2.682696] clocksource: jiffies: mask: 0xffffffff max_cycles: 0xffffffff, max_idle_ns: 7645041785100000 ns
[    2.695672] futex hash table entries: 512 (order: 3, 32768 bytes)
[    2.724065] pinctrl core: initialized pinctrl subsystem
[    2.834554] RTC time: 13:16:02, date: 05/04/20
[    2.861116] NET: Registered protocol family 16
[    2.883316] cpuidle: using governor ladder
[    2.902306] cpuidle: using governor menu
[    2.909692] PCCT header not found.
[    2.923451] ACPI: bus type PCI registered
[    2.939551] acpiphp: ACPI Hot Plug PCI Controller Driver version: 0.5
[    2.962059] PCI: Using configuration type 1 for base access
[    3.025215] ACPI: Added _OSI(Module Device)
[    3.043173] ACPI: Added _OSI(Processor Device)
[    3.055037] ACPI: Added _OSI(3.0 _SCP Extensions)
[    3.060101] ACPI: Added _OSI(Processor Aggregator Device)
[    3.087245] ACPI: Executed 1 blocks of module-level executable AML code
[    3.100668] ACPI: Interpreter enabled
[    3.105363] ACPI: (supports S0 S5)
[    3.112184] ACPI: Using IOAPIC for interrupt routing
[    3.122547] PCI: Using host bridge windows from ACPI; if necessary, use "pci=nocrs" and report a bug
[    3.140488] ACPI: PCI Root Bridge [PCI0] (domain 0000 [bus 00-ff])
[    3.152245] acpi PNP0A03:00: _OSC: OS supports [ASPM ClockPM Segments MSI]
[    3.163407] acpi PNP0A03:00: _OSC: not requesting OS control; OS requires [ExtendedConfig ASPM ClockPM MSI]
[    3.170859] acpi PNP0A03:00: fail to add MMCONFIG information, can't access extended PCI configuration space under this bridge.
[    3.183248] PCI host bridge to bus 0000:00
[    3.195883] pci_bus 0000:00: root bus resource [io  0x0000-0x0cf7 window]
[    3.204698] pci_bus 0000:00: root bus resource [io  0x0d00-0xffff window]
[    3.224378] pci_bus 0000:00: root bus resource [mem 0x000a0000-0x000bffff window]
[    3.252755] pci_bus 0000:00: root bus resource [mem 0x40000000-0xfdffffff window]
[    3.289030] pci_bus 0000:00: root bus resource [bus 00-ff]
[    3.384276] pci 0000:00:01.1: legacy IDE quirk: reg 0x10: [io  0x01f0-0x01f7]
[    3.411031] pci 0000:00:01.1: legacy IDE quirk: reg 0x14: [io  0x03f6]
[    3.414965] pci 0000:00:01.1: legacy IDE quirk: reg 0x18: [io  0x0170-0x0177]
[    3.420258] pci 0000:00:01.1: legacy IDE quirk: reg 0x1c: [io  0x0376]
[    3.467209] pci 0000:00:07.0: quirk: [io  0x4000-0x403f] claimed by PIIX4 ACPI
[    3.471847] pci 0000:00:07.0: quirk: [io  0x4100-0x410f] claimed by PIIX4 SMB
[    3.508442] ACPI: PCI Interrupt Link [LNKA] (IRQs 5 9 10 *11)
[    3.517297] ACPI: PCI Interrupt Link [LNKB] (IRQs 5 9 *10 11)
[    3.521346] ACPI: PCI Interrupt Link [LNKC] (IRQs 5 *9 10 11)
[    3.524772] ACPI: PCI Interrupt Link [LNKD] (IRQs 5 9 10 *11)
[    3.529091] ACPI: Enabled 2 GPEs in block 00 to 07
[    3.535536] vgaarb: setting as boot device: PCI:0000:00:02.0
[    3.539854] vgaarb: device added: PCI:0000:00:02.0,decodes=io+mem,owns=io+mem,locks=none
[    3.556434] vgaarb: loaded
[    3.559306] vgaarb: bridge control possible 0000:00:02.0
[    3.589467] SCSI subsystem initialized
[    3.593208] ACPI: bus type USB registered
[    3.595447] usbcore: registered new interface driver usbfs
[    3.600180] usbcore: registered new interface driver hub
[    3.606350] usbcore: registered new device driver usb
[    3.610810] PCI: Using ACPI for IRQ routing
[    3.613788] NetLabel: Initializing
[    3.616018] NetLabel:  domain hash size = 128
[    3.618425] NetLabel:  protocols = UNLABELED CIPSOv4
[    3.627806] NetLabel:  unlabeled traffic allowed by default
[    3.634862] amd_nb: Cannot enumerate AMD northbridges
[    3.637652] clocksource: Switched to clocksource kvm-clock
[    3.658792] AppArmor: AppArmor Filesystem Enabled
[    3.662153] pnp: PnP ACPI init
[    3.667000] pnp: PnP ACPI: found 3 devices
[    3.690993] clocksource: acpi_pm: mask: 0xffffff max_cycles: 0xffffff, max_idle_ns: 2085701024 ns
[    3.698354] NET: Registered protocol family 2
[    3.700607] TCP established hash table entries: 8192 (order: 4, 65536 bytes)
[    3.705051] TCP bind hash table entries: 8192 (order: 5, 131072 bytes)
[    3.708700] TCP: Hash tables configured (established 8192 bind 8192)
[    3.720183] UDP hash table entries: 512 (order: 2, 16384 bytes)
[    3.725556] UDP-Lite hash table entries: 512 (order: 2, 16384 bytes)
[    3.732623] NET: Registered protocol family 1
[    3.735852] pci 0000:00:00.0: Limiting direct PCI/PCI transfers
[    3.740142] pci 0000:00:01.0: Activating ISA DMA hang workarounds
[    3.755220] Unpacking initramfs...
[    4.517462] Freeing initrd memory: 14880K
[    4.520124] RAPL PMU detected, API unit is 2^-32 Joules, 4 fixed counters 10737418240 ms ovfl timer
[    4.525457] hw unit of domain pp0-core 2^-0 Joules
[    4.529066] hw unit of domain package 2^-0 Joules
[    4.532142] hw unit of domain dram 2^-0 Joules
[    4.535707] hw unit of domain pp1-gpu 2^-0 Joules
[    4.540179] clocksource: tsc: mask: 0xffffffffffffffff max_cycles: 0x171023f09ff, max_idle_ns: 440795233615 ns
[    4.551098] platform rtc_cmos: registered platform RTC device (no PNP device found)
[    4.558541] Scanning for low memory corruption every 60 seconds
[    4.562822] audit: initializing netlink subsys (disabled)
[    4.566089] audit: type=2000 audit(1588598173.046:1): initialized
[    4.572075] Initialise system trusted keyring
[    4.575226] HugeTLB registered 2 MB page size, pre-allocated 0 pages
[    4.586852] zbud: loaded
[    4.592778] VFS: Disk quotas dquot_6.6.0
[    4.596222] VFS: Dquot-cache hash table entries: 512 (order 0, 4096 bytes)
[    4.602422] squashfs: version 4.0 (2009/01/31) Phillip Lougher
[    4.674398] fuse init (API version 7.23)
[    4.685153] Key type big_key registered
[    4.688948] Allocating IMA MOK and blacklist keyrings.
[    4.703547] Key type asymmetric registered
[    4.716100] Asymmetric key parser 'x509' registered
[    4.733162] Block layer SCSI generic (bsg) driver version 0.4 loaded (major 249)
[    4.760561] io scheduler noop registered
[    4.771280] io scheduler deadline registered (default)
[    4.780633] io scheduler cfq registered
[    4.784028] pci_hotplug: PCI Hot Plug PCI Core version: 0.5
[    4.791328] pciehp: PCI Express Hot Plug Controller Driver version: 0.4
[    4.797475] ACPI: AC Adapter [AC] (on-line)
[    4.800025] input: Power Button as /devices/LNXSYSTM:00/LNXPWRBN:00/input/input0
[    4.804716] ACPI: Power Button [PWRF]
[    4.806734] input: Sleep Button as /devices/LNXSYSTM:00/LNXSLPBN:00/input/input1
[    4.815779] ACPI: Sleep Button [SLPF]
[    4.822861] GHES: HEST is not enabled!
[    4.826276] ACPI: Battery Slot [BAT0] (battery present)
[    4.838924] Serial: 8250/16550 driver, 32 ports, IRQ sharing enabled
[    4.882400] 00:02: ttyS0 at I/O 0x3f8 (irq = 4, base_baud = 115200) is a 16550A
[    4.928820] Linux agpgart interface v0.103
[    4.940501] loop: module loaded
[    4.943626] scsi host0: ata_piix
[    4.948716] scsi host1: ata_piix
[    4.950836] ata1: PATA max UDMA/33 cmd 0x1f0 ctl 0x3f6 bmdma 0xd000 irq 14
[    4.957920] ata2: PATA max UDMA/33 cmd 0x170 ctl 0x376 bmdma 0xd008 irq 15
[    4.963597] libphy: Fixed MDIO Bus: probed
[    4.968085] tun: Universal TUN/TAP device driver, 1.6
[    4.974703] tun: (C) 1999-2004 Max Krasnyansky <maxk@qualcomm.com>
[    4.985492] PPP generic driver version 2.4.2
[    4.990593] ehci_hcd: USB 2.0 'Enhanced' Host Controller (EHCI) Driver
[    5.002555] ehci-pci: EHCI PCI platform driver
[    5.007135] ehci-platform: EHCI generic platform driver
[    5.014763] ohci_hcd: USB 1.1 'Open' Host Controller (OHCI) Driver
[    5.017405] ohci-pci: OHCI PCI platform driver
[    5.024229] ohci-platform: OHCI generic platform driver
[    5.033543] uhci_hcd: USB Universal Host Controller Interface driver
[    5.037181] i8042: PNP: PS/2 Controller [PNP0303:PS2K,PNP0f03:PS2M] at 0x60,0x64 irq 1,12
[    5.042762] serio: i8042 KBD port at 0x60,0x64 irq 1
[    5.047962] serio: i8042 AUX port at 0x60,0x64 irq 12
[    5.050309] mousedev: PS/2 mouse device common for all mice
[    5.056582] input: AT Translated Set 2 keyboard as /devices/platform/i8042/serio0/input/input2
[    5.062590] rtc_cmos rtc_cmos: rtc core: registered rtc_cmos as rtc0
[    5.062673] rtc_cmos rtc_cmos: alarms up to one day, 114 bytes nvram
[    5.062768] i2c /dev entries driver
[    5.062885] device-mapper: uevent: version 1.0.3
[    5.062956] device-mapper: ioctl: 4.34.0-ioctl (2015-10-28) initialised: dm-devel@redhat.com
[    5.062981] ledtrig-cpu: registered to indicate activity on CPUs
[    5.070140] NET: Registered protocol family 10
[    5.070420] NET: Registered protocol family 17
[    5.070437] Key type dns_resolver registered
[    5.070962] registered taskstats version 1
[    5.070979] Loading compiled-in X.509 certificates
[    5.072249] Loaded X.509 cert 'Build time autogenerated kernel key: 2501974cc66248a18f8fa54aaac948a5171f77fb'
[    5.072295] zswap: loaded using pool lzo/zbud
[    5.074869] Key type trusted registered
[    5.081594] Key type encrypted registered
[    5.081603] AppArmor: AppArmor sha1 policy hashing enabled
[    5.081606] ima: No TPM chip found, activating TPM-bypass!
[    5.081614] ima: Allocated hash algorithm: sha1
[    5.081631] evm: HMAC attrs: 0x1
[    5.083764]   Magic number: 4:391:280
[    5.083863] tty tty17: hash matches
[    5.097338] rtc_cmos rtc_cmos: setting system clock to 2020-05-04 13:16:04 UTC (1588598164)
[    5.097522] BIOS EDD facility v0.16 2004-Jun-25, 0 devices found
[    5.097523] EDD information not available.
[    5.499635] Freeing unused kernel memory: 1488K
[    5.514067] Write protecting the kernel read-only data: 14336k
[    5.528278] Freeing unused kernel memory: 1604K
[    5.533811] Freeing unused kernel memory: 64K
Loading, please wait...
starting version 229
[    5.654968] random: systemd-udevd: uninitialized urandom read (16 bytes read, 5 bits of entropy available)
[    5.660221] random: udevadm: uninitialized urandom read (16 bytes read, 5 bits of entropy available)
[    5.660275] random: udevadm: uninitialized urandom read (16 bytes read, 5 bits of entropy available)
[    5.817416] random: systemd-udevd: uninitialized urandom read (16 bytes read, 5 bits of entropy available)
[    5.820798] random: udevadm: uninitialized urandom read (16 bytes read, 5 bits of entropy available)
[    5.820894] random: udevadm: uninitialized urandom read (16 bytes read, 5 bits of entropy available)
[    5.821166] random: udevadm: uninitialized urandom read (16 bytes read, 5 bits of entropy available)
[    5.821263] random: udevadm: uninitialized urandom read (16 bytes read, 5 bits of entropy available)
[    5.821350] random: udevadm: uninitialized urandom read (16 bytes read, 5 bits of entropy available)
[    5.824290] random: udevadm: uninitialized urandom read (16 bytes read, 5 bits of entropy available)
[    6.359244] e1000: Intel(R) PRO/1000 Network Driver - version 7.3.21-k8-NAPI
[    6.383796] e1000: Copyright (c) 1999-2006 Intel Corporation.
[    6.403910] Fusion MPT base driver 3.04.20
[    6.406345] Copyright (c) 1999-2008 LSI Corporation
[    6.565628] AVX2 version of gcm_enc/dec engaged.
[    6.570478] AES CTR mode by8 optimization enabled
[    6.580846] Fusion MPT SPI Host driver 3.04.20
[    6.632914] input: ImExPS/2 Generic Explorer Mouse as /devices/platform/i8042/serio1/input/input4
[    8.200182] e1000 0000:00:03.0 eth0: (PCI:33MHz:32-bit) 02:8b:bd:82:0d:ad
[    8.204852] e1000 0000:00:03.0 eth0: Intel(R) PRO/1000 Network Connection
[    8.209649] mptbase: ioc0: Initiating bringup
[    8.278528] ioc0: LSI53C1030 A0: Capabilities={Initiator}
[    8.452844] scsi host2: ioc0: LSI53C1030 A0, FwRev=00000000h, Ports=1, MaxQ=256, IRQ=20
[    8.582998] scsi 2:0:0:0: Direct-Access     VBOX     HARDDISK         1.0  PQ: 0 ANSI: 5
[    8.591236] scsi target2:0:0: Beginning Domain Validation
[    8.614320] scsi target2:0:0: Domain Validation skipping write tests
[    8.643957] scsi target2:0:0: Ending Domain Validation
[    8.658434] scsi target2:0:0: asynchronous
[    8.676591] scsi 2:0:1:0: Direct-Access     VBOX     HARDDISK         1.0  PQ: 0 ANSI: 5
[    8.695135] scsi target2:0:1: Beginning Domain Validation
[    8.704008] scsi target2:0:1: Domain Validation skipping write tests
[    8.724059] scsi target2:0:1: Ending Domain Validation
[    8.728877] scsi target2:0:1: asynchronous
[    8.760579] sd 2:0:0:0: Attached scsi generic sg0 type 0
[    8.776731] sd 2:0:1:0: Attached scsi generic sg1 type 0
[    8.782368] sd 2:0:0:0: [sda] 20971520 512-byte logical blocks: (10.7 GB/10.0 GiB)
[    8.793344] sd 2:0:1:0: [sdb] 20480 512-byte logical blocks: (10.5 MB/10.0 MiB)
[    8.800373] sd 2:0:0:0: [sda] Write Protect is off
[    8.807529] sd 2:0:1:0: [sdb] Write Protect is off
[    8.810899] sd 2:0:1:0: [sdb] Incomplete mode parameter data
[    8.815905] sd 2:0:1:0: [sdb] Assuming drive cache: write through
[    8.823145] sd 2:0:0:0: [sda] Incomplete mode parameter data
[    8.828112] sd 2:0:0:0: [sda] Assuming drive cache: write through
[    8.842507]  sda: sda1
[    8.844288] sd 2:0:1:0: [sdb] Attached SCSI disk
[    8.853249] sd 2:0:0:0: [sda] Attached SCSI disk
[    9.885998] e1000 0000:00:08.0 eth1: (PCI:33MHz:32-bit) 08:00:27:07:9d:3b
[    9.890458] e1000 0000:00:08.0 eth1: Intel(R) PRO/1000 Network Connection
[    9.895751] e1000 0000:00:03.0 enp0s3: renamed from eth0
[    9.906775] e1000 0000:00:08.0 enp0s8: renamed from eth1
Begin: Loading essential drivers ... [   11.607851] md: linear personality registered for level -1
[   11.619537] md: multipath personality registered for level -4
[   11.627040] md: raid0 personality registered for level 0
[   11.637966] md: raid1 personality registered for level 1
[   11.713969] raid6: sse2x1   gen()  5648 MB/s
[   11.786185] raid6: sse2x1   xor()  2855 MB/s
[   11.859510] raid6: sse2x2   gen()  4289 MB/s
[   11.929793] raid6: sse2x2   xor()  4354 MB/s
[   11.997690] raid6: sse2x4   gen()  5852 MB/s
[   12.066180] raid6: sse2x4   xor()  1435 MB/s
[   12.206756] raid6: avx2x1   gen()  3119 MB/s
[   12.418678] raid6: avx2x2   gen()  1056 MB/s
[   12.511864] raid6: avx2x4   gen()  1973 MB/s
[   12.514575] raid6: using algorithm sse2x4 gen() 5852 MB/s
[   12.527241] raid6: .... xor() 1435 MB/s, rmw enabled
[   12.531573] raid6: using avx2x2 recovery algorithm
[   12.546197] xor: automatically using best checksumming function:
[   12.585791]    avx       : 15950.000 MB/sec
[   12.598501] async_tx: api initialized (async)
[   12.741876] md: raid6 personality registered for level 6
[   12.746755] md: raid5 personality registered for level 5
[   12.749787] md: raid4 personality registered for level 4
[   12.857027] md: raid10 personality registered for level 10
done.
Begin: Running /scripts/init-premount ... done.
Begin: Mounting root file system ... Begin: Running /scripts/local-top ... done.
Begin: Running /scripts/local-premount ... [   12.969570] Btrfs loaded
Scanning for Btrfs filesystems
done.
Warning: fsck not present, so skipping root file system
[   13.265337] EXT4-fs (sda1): mounted filesystem with ordered data mode. Opts: (null)
done.
Begin: Running /scripts/local-bottom ... done.
Begin: Running /scripts/init-bottom ... done.
[   14.031454] systemd[1]: systemd 229 running in system mode. (+PAM +AUDIT +SELINUX +IMA +APPARMOR +SMACK +SYSVINIT +UTMP +LIBCRYPTSETUP +GCRYPT +GNUTLS +ACL +XZ -LZ4 +SECCOMP +BLKID +ELFUTILS +KMOD -IDN)
[   14.045658] systemd[1]: Detected virtualization oracle.
[   14.050022] systemd[1]: Detected architecture x86-64.

Welcome to [1mUbuntu 16.04.6 LTS[0m!

[   14.099971] systemd[1]: Set hostname to <ubuntu>.
[   14.113805] systemd[1]: Initializing machine ID from random generator.
[   14.119854] systemd[1]: Installed transient /etc/machine-id file.
[   14.230064] random: nonblocking pool is initialized
[   14.903626] systemd[1]: Listening on Device-mapper event daemon FIFOs.
[[0;32m  OK  [0m] Listening on Device-mapper event daemon FIFOs.
[   14.912449] systemd[1]: Listening on Journal Socket (/dev/log).
[[0;32m  OK  [0m] Listening on Journal Socket (/dev/log).
[   14.919289] systemd[1]: Started Forward Password Requests to Wall Directory Watch.
[[0;32m  OK  [0m] Started Forward Password Requests to Wall Directory Watch.
[   14.933471] systemd[1]: Listening on /dev/initctl Compatibility Named Pipe.
[[0;32m  OK  [0m] Listening on /dev/initctl Compatibility Named Pipe.
[   14.942291] systemd[1]: Reached target User and Group Name Lookups.
[[0;32m  OK  [0m] Reached target User and Group Name Lookups.
[   14.949726] systemd[1]: Listening on Journal Audit Socket.
[[0;32m  OK  [0m] Listening on Journal Audit Socket.
[   14.955857] systemd[1]: Started Trigger resolvconf update for networkd DNS.
[[0;32m  OK  [0m] Started Trigger resolvconf update for networkd DNS.
[   14.966671] systemd[1]: Listening on udev Control Socket.
[[0;32m  OK  [0m] Listening on udev Control Socket.
[   14.972857] systemd[1]: Listening on udev Kernel Socket.
[[0;32m  OK  [0m] Listening on udev Kernel Socket.
[   14.980489] systemd[1]: Reached target Swap.
[[0;32m  OK  [0m] Reached target Swap.
[   14.987464] systemd[1]: Created slice User and Session Slice.
[[0;32m  OK  [0m] Created slice User and Session Slice.
[   14.998580] systemd[1]: Reached target Encrypted Volumes.
[[0;32m  OK  [0m] Reached target Encrypted Volumes.
[   15.010583] systemd[1]: Set up automount Arbitrary Executable File Formats File System Automount Point.
[[0;32m  OK  [0m] Set up automount Arbitrary Executab...ats File System Automount Point.
[   15.018638] systemd[1]: Reached target System Time Synchronized.
[[0;32m  OK  [0m] Reached target System Time Synchronized.
[   15.025346] systemd[1]: Listening on Syslog Socket.
[[0;32m  OK  [0m] Listening on Syslog Socket.
[   15.044206] systemd[1]: Created slice System Slice.
[[0;32m  OK  [0m] Created slice System Slice.
[   15.061141] systemd[1]: Reached target Slices.
[[0;32m  OK  [0m] Reached target Slices.
[   15.087627] systemd[1]: Listening on LVM2 poll daemon socket.
[[0;32m  OK  [0m] Listening on LVM2 poll daemon socket.
[   15.127119] systemd[1]: Listening on Journal Socket.
[[0;32m  OK  [0m] Listening on Journal Socket.
[   15.157124] systemd[1]: Mounting Debug File System...
         Mounting Debug File System...
[   15.183818] systemd[1]: Mounting POSIX Message Queue File System...
         Mounting POSIX Message Queue File System...
[   15.238670] systemd[1]: Starting Uncomplicated firewall...
         Starting Uncomplicated firewall...
[   15.263779] systemd[1]: Mounting Huge Pages File System...
         Mounting Huge Pages File System...
[   15.363527] systemd[1]: Starting Load Kernel Modules...
         Starting Load Kernel Modules...
[   15.373726] systemd[1]: Starting Create list of required static device nodes for the current kernel...
[   15.584862] Loading iSCSI transport class v2.0-870.
         Starting Create list of required st... nodes for the current kernel...
[   15.668474] systemd[1]: Starting Set console keymap...
         Starting Set console keymap...
[   15.693167] systemd[1]: Starting Remount Root and Kernel File Systems...
         Starting Remount Root and Kernel File Systems...
[   15.707914] systemd[1]: Starting Nameserver information manager...
[   15.746953] iscsi: registered transport (tcp)
[   15.752008] EXT4-fs (sda1): re-mounted. Opts: (null)
         Starting Nameserver information manager...
[   15.782981] systemd[1]: Listening on LVM2 metadata daemon socket.
[[0;32m  OK  [0m] Listening on LVM2 metadata daemon socket.
[   15.870256] systemd[1]: Starting Monitoring of LVM2 mirrors, snapshots etc. using dmeventd or progress polling...
         Starting Monitoring of LVM2 mirrors... dmeventd or progress polling...
[   15.915072] systemd[1]: Created slice system-serial\x2dgetty.slice.
[[0;32m  OK  [0m] Created slice system-serial\x2dgetty.slice.
[   16.007874] systemd[1]: Starting Journal Service...
         Starting Journal Service...
[   16.032369] systemd[1]: Mounted Debug File System.
[[0;32m  OK  [0m] Mounted Debug File System.
[   16.047439] systemd[1]: Mounted POSIX Message Queue File System.
[[0;32m  OK  [0m] Mounted POSIX Message Queue File System.
[   16.073466] systemd[1]: Mounted Huge Pages File System.
[[0;32m  OK  [0m] Mounted Huge Pages File System.
[   16.097717] systemd[1]: Started Uncomplicated firewall.
[[0;32m  OK  [0m] Started Uncomplicated firewall.
[   16.143104] systemd[1]: Started Create list of required static device nodes for the current kernel.
[[0;32m  OK  [0m] Started Create list of required sta...ce nodes for the current kernel.
[   16.206435] systemd[1]: Started Set console keymap.
[   16.220008] iscsi: registered transport (iser)
[[0;32m  OK  [0m] Started Set console keymap.
[   16.243190] systemd[1]: Started Load Kernel Modules.
[[0;32m  OK  [0m] Started Load Kernel Modules.
[   16.311313] systemd[1]: Started Remount Root and Kernel File Systems.
[[0;32m  OK  [0m] Started Remount Root and Kernel File Systems.
[   16.416103] systemd[1]: Started Journal Service.
[[0;32m  OK  [0m] Started Journal Service.
[[0;32m  OK  [0m] Started Nameserver information manager.
[[0;32m  OK  [0m] Started LVM2 metadata daemon.
         Starting Load/Save Random Seed...
         Starting Flush Journal to Persistent Storage...
         Starting udev Coldplug all Devices...
         Starting Apply Kernel Variables...
         Mounting FUSE Control File System...
         Starting Create Static Device Nodes in /dev...
[[0;32m  OK  [0m] Mounted FUSE Control File System.
[[0;32m  OK  [0m] Started Load/Save Random Seed.
[[0;32m  OK  [0m] Started Apply Kernel Variables.
[[0;32m  OK  [0m] Started Flush Journal to Persistent Storage.
[[0;32m  OK  [0m] Started Create Static Device Nodes in /dev.
         Starting udev Kernel Device Manager...
[[0;32m  OK  [0m] Started udev Coldplug all Devices.
[[0;32m  OK  [0m] Started Monitoring of LVM2 mirrors,...ng dmeventd or progress polling.
[[0;32m  OK  [0m] Reached target Local File Systems (Pre).
[[0;32m  OK  [0m] Reached target Local File Systems.
         Starting LSB: AppArmor initialization...
         Starting Commit a transient machine-id on disk...
         Starting Tell Plymouth To Write Out Runtime Data...
         Starting Set console font and keymap...
         Starting Create Volatile Files and Directories...
         Starting Initial cloud-init job (pre-networking)...
[[0;32m  OK  [0m] Started Tell Plymouth To Write Out Runtime Data.
[[0;32m  OK  [0m] Started Commit a transient machine-id on disk.
[[0;32m  OK  [0m] Started Create Volatile Files and Directories.
         Starting Update UTMP about System Boot/Shutdown...
[[0;32m  OK  [0m] Started udev Kernel Device Manager.
[[0;32m  OK  [0m] Started Dispatch Password Requests to Console Directory Watch.
[[0;32m  OK  [0m] Started Update UTMP about System Boot/Shutdown.
[[0;32m  OK  [0m] Found device /dev/ttyS0.
[[0;32m  OK  [0m] Listening on Load/Save RF Kill Switch Status /dev/rfkill Watch.
[[0;32m  OK  [0m] Started Set console font and keymap.
[[0;32m  OK  [0m] Started LSB: AppArmor initialization.
[[0;32m  OK  [0m] Created slice system-getty.slice.
[   21.260530] cloud-init[483]: Cloud-init v. 19.4-33-gbb4131a2-0ubuntu1~16.04.1 running 'init-local' at Mon, 04 May 2020 13:16:21 +0000. Up 19.27 seconds.
[[0;32m  OK  [0m] Started Initial cloud-init job (pre-networking).
[[0;32m  OK  [0m] Reached target Network (Pre).
         Starting Raise network interfaces...
[[0;32m  OK  [0m] Started Raise network interfaces.
[[0;32m  OK  [0m] Reached target Network.
         Starting Initial cloud-init job (metadata service crawler)...
[   26.988786] cloud-init[951]: Cloud-init v. 19.4-33-gbb4131a2-0ubuntu1~16.04.1 running 'init' at Mon, 04 May 2020 13:16:25 +0000. Up 23.63 seconds.
[   27.091631] cloud-init[951]: ci-info: ++++++++++++++++++++++++++++++++++++++Net device info++++++++++++++++++++++++++++++++++++++
[   27.123633] cloud-init[951]: ci-info: +--------+-------+---------------------------+---------------+--------+-------------------+
[   27.136976] cloud-init[951]: ci-info: | Device |   Up  |          Address          |      Mask     | Scope  |     Hw-Address    |
[   27.171685] cloud-init[951]: ci-info: +--------+-------+---------------------------+---------------+--------+-------------------+
[   27.192127] cloud-init[951]: ci-info: | enp0s3 |  True |         10.0.2.15         | 255.255.255.0 | global | 02:8b:bd:82:0d:ad |
[   27.202420] cloud-init[951]: ci-info: | enp0s3 |  True | fe80::8b:bdff:fe82:dad/64 |       .       |  link  | 02:8b:bd:82:0d:ad |
[   27.211945] cloud-init[951]: ci-info: | enp0s8 | False |             .             |       .       |   .    | 08:00:27:07:9d:3b |
[   27.260301] cloud-init[951]: ci-info: |   lo   |  True |         127.0.0.1         |   255.0.0.0   |  host  |         .         |
[   27.278530] cloud-init[951]: ci-info: |   lo   |  True |          ::1/128          |       .       |  host  |         .         |
[   27.301993] cloud-init[951]: ci-info: +--------+-------+---------------------------+---------------+--------+-------------------+
[   27.318347] cloud-init[951]: ci-info: +++++++++++++++++++++++++++Route IPv4 info++++++++++++++++++++++++++++
[   27.326072] cloud-init[951]: ci-info: +-------+-------------+----------+---------------+-----------+-------+
[   27.333831] cloud-init[951]: ci-info: | Route | Destination | Gateway  |    Genmask    | Interface | Flags |
[   27.352082] cloud-init[[0;32m  OK  [0m] Started Initial cloud-init job (metadata service crawler).
[951]: ci-info: +-------+-------------+----------+---------------+-----------+-------+
[[0;32m  OK  [0m] [   27.389332] cloud-init[951]: ci-info: |   0   |   0.0.0.0   | 10.0.2.2 |    0.0.0.0    |   enp0s3  |   UG  |
[   27.389781] cloud-initReached target Network is Online.
[951]: ci-info: |   1   |   10.0.2.0  | 0.0.0.0  | 255.255.255.0 |   enp0s3  |   U   |
[   27.430797] cloud-init[951]: ci-info: +-------+-------------+----------+---------------+-----------+-------+
[   27.441593] cloud-init[951]: ci-info: +++++++++++++++++++Route IPv6 info+++++++++++++++++++
         [   27.469819] cloud-init[951]: ci-info: +-------+-------------+---------+-----------+-------+
[   27.471323] cloud-init[951]: ci-info: | Route | Destination | Gateway | Interface | Flags |
[   27.538912] cloud-init[951]: ci-info: +-------+-------------+---------+-----------+-------+
[   27.542967] cloud-init[951]: ci-info: |   0   |  fe80::/64  |    ::   |   enp0s3  |   U   |
[   27.556597] cloud-init[951]: ci-info: |   3   |   ff00::/8  |    ::   |   enp0s3  |   U   |
[   27.562626] cloud-init[951]: ci-info: +-------+-------------+---------+-----------+-------+
[   27.562757] cloud-init[951]: Generating public/private rsa key pair.
[   27.562839] cloud-init[951]: Your identification has been saved in /etc/ssh/ssh_host_rsa_key.
[   27.562915] cloud-init[951]: Your public key has been saved in /etc/ssh/ssh_host_rsa_key.pub.
Starting iSCSI initiator daemon (iscsid)...[   27.562983] cloud-init
[951]: The key fingerprint is:
[   27.593525] cloud-init[951]: SHA256:McFh69mLAJKVsBIvPpl3owjHpmf3DzYhWqQu1z/TAAw root@ubuntu-xenial
[   27.593584] cloud-init[951]: The key's randomart image is:
[   27.593626] cloud-init[951]: +---[RSA 2048]----+
[   27.593666] cloud-init[951]: |. .... .+.       |
[   27.593705] cloud-init[951]: | oE+.  ..o       |
[   27.593857] cloud-init[951]: |o =oo   +        |
[   27.593952] cloud-init[951]: |.+o+o. . =       |
[   27.593992] cloud-init[951]: |.==.o+o S .      |
[   27.594043] cloud-init[951]: |.=++o.oo . .     |
[   27.594082] cloud-init[951]: |o.*.o +o. .      |
[   27.594122] cloud-init[951]: | = . +oo.        |
[   27.594163] cloud-init[951]: |      o+.        |
[   27.594201] cloud-init[951]: +----[SHA256]-----+
[   27.594241] cloud-init[951]: Generating public/private dsa key pair.
[   27.594467] cloud-init[951]: Your identification has been saved in /etc/ssh/ssh_host_dsa_key.
[   27.594515] cloud-init[951]: Your public key has been saved in /etc/ssh/ssh_host_dsa_key.pub.
[   27.594558] cloud-init[951]: The key fingerprint is:
[   27.595353] cloud-init[951]: SHA256:7bj9p3YpD1amzlabbWNy0pttQagOpCfp8n2X6oHVVr0 root@ubuntu-xenial
[   27.595839] cloud-init[951]: The key's randomart image is:
[   27.595928] cloud-init[951]: +---[DSA 1024]----+
[   27.596054] cloud-init[951]: |                 |
[   27.596236] cloud-init[951]: |                .|
[   27.596631] cloud-init[951]: |              ...|
[   27.596696] cloud-init[951]: |         o  .....|
[   27.596741] cloud-init[951]: |        S ...o+E |
[   27.596781] cloud-init[951]: |       + =o..+.. |
[   27.596917] cloud-init[951]: |      . +.+.+.o=.|
[   27.597007] cloud-init[951]: |     . ..o *=**=*|
[   27.597073] cloud-init[951]: |      o...+*B**=+|
[   27.597142] cloud-init[951]: +----[SHA256]-----+
[   27.599692] cloud-init[951]: Generating public/private ecdsa key pair.
[   27.599837] cloud-init[951]: Your identification has been saved in /etc/ssh/ssh_host_ecdsa_key.
[   27.600014] cloud-init[951]: Your public key has been saved in /etc/ssh/ssh_host_ecdsa_key.pub.
[   27.600110] cloud-init[951]: The key fingerprint is:
[   27.600187] cloud-init[951]: SHA256:5df0SJM4Zc71ojG/pUMajMbcqnWGT4y24zu/QtTje0Y root@ubuntu-xenial
[[0;32m  OK  [0m] Reached target System Initialization.
[[0;32m  OK  [0m] Listening on ACPID Listen Socket.
[[0;32m  OK  [0m] Listening on D-Bus System Message Bus Socket.
[   27.603637] cloud-init[951]: The key's randomart image is:
[   27.937272] cloud-init[951]: +---[ECDSA 256]---+
[   27.941409] cloud-init[951]: |              o .|
         Starting Socket activation for snappy daemon.
[   27.946129] cloud-init[951]: |             * o.|
[[0;32m  OK  [0m] Started ACPI Events Check.
[[0;32m  OK  [0m] Reached target Paths.
[[0;32m  OK  [0m] Started Daily apt download activities.
[[0;32m  OK  [0m] Listening on UUID daemon activation socket.
[[0;32m  OK  [0m] Started Daily Cleanup of Temporary Directories.
[   27.963003] cloud-init[951]: |          ..= O .|
[   27.976872] cloud-init[951]: |         =.+oX = |
[   27.993172] cloud-init[951]: |        S.*.*.= o|
[   27.994704] cloud-init[951]: |         ..*.+E+ |
[   27.994783] cloud-init[951]: |         .* *o+  |
[   27.994853] cloud-init[951]: |         ++*. o. |
[   27.994938] cloud-init[951]: |        ..+*++   |
[   27.995005] cloud-init[951]: +----[SHA256]-----+
[   27.995075] cloud-init[951]: Generating public/private ed25519 key pair.
[   27.995145] cloud-init[951]: Your identification has been saved in /etc/ssh/ssh_host_ed25519_key.
[   27.995201] cloud-init[951]: Your public key has been saved in /etc/ssh/ssh_host_ed25519_key.pub.
[   27.995257] cloud-init[951]: The key fingerprint is:
[   27.995313] cloud-init[951]: SHA256:ZALfxTLy8YAOZusfeNlSorkGYIhjtwMmCXxeXKMGCiA root@ubuntu-xenial
[   27.995371] cloud-init[951]: The key's randomart image is:
[   27.995554] cloud-init[951]: +--[ED25519 256]--+
[   27.995635] cloud-init[951]: |E  .o .+ ..      |
[   27.995701] cloud-init[951]: |+...==+.*..      |
[   27.997749] cloud-init[951]: |+ooo.*oo+*       |
[   27.997934] cloud-init[951]: |B= oo o+o .      |
[   27.998167] cloud-init[951]: |=oo..+ =S        |
[   27.998261] cloud-init[951]: |  .o= = .        |
[   27.998649] cloud-init[951]: |   ..+ o         |
[   27.998723] cloud-init[951]: |    o .          |
[   27.998775] cloud-init[951]: |   .             |
[   27.998827] cloud-init[951]: +----[SHA256]-----+
         Starting LXD - unix socket.
[[0;32m  OK  [0m] Started Message of the Day.
[[0;32m  OK  [0m] Started Daily apt upgrade and clean activities.
[[0;32m  OK  [0m] Reached target Timers.
[[0;32m  OK  [0m] Reached target Cloud-config availability.
[[0;32m  OK  [0m] Listening on Socket activation for snappy daemon.
[[0;32m  OK  [0m] Listening on LXD - unix socket.
[[0;32m  OK  [0m] Reached target Sockets.
[[0;32m  OK  [0m] Reached target Basic System.
         Starting Virtualbox guest utils...
         Starting Pollinate to seed the pseudo random number generator...
         Starting /etc/rc.local Compatibility...
         Starting System Logging Service...
         Starting LSB: Record successful boot for GRUB...
[[0;32m  OK  [0m] Started FUSE filesystem for LXC.
         Starting LXD - container startup/shutdown...
[[0;32m  OK  [0m] Started Deferred execution scheduler.
         Starting Login Service...
         Starting Snappy daemon...
[[0;32m  OK  [0m] Started D-Bus System Message Bus.
[[0;32m  OK  [0m] Started Regular background program processing daemon.
         Starting Accounts Service...
[[0;32m  OK  [0m] Started ACPI event daemon.
         Starting LSB: MD monitoring daemon...
[[0;32m  OK  [0m] Started System Logging Service.
[[0;32m  OK  [0m] Started iSCSI initiator daemon (iscsid).
[[0;32m  OK  [0m] Started /etc/rc.local Compatibility.
[[0;32m  OK  [0m] Started Login Service.
[[0;32m  OK  [0m] Started Unattended Upgrades Shutdown.
         Starting Authenticate and Authorize Users to Run Privileged Tasks...
         Starting Login to default iSCSI targets...
[[0;32m  OK  [0m] Started LSB: MD monitoring daemon.
[[0;32m  OK  [0m] Started LXD - container startup/shutdown.
[[0;32m  OK  [0m] Started LSB: Record successful boot for GRUB.
[[0;32m  OK  [0m] Started Login to default iSCSI targets.
[[0;32m  OK  [0m] Reached target Remote File Systems (Pre).
[[0;32m  OK  [0m] Reached target Remote File Systems.
         Starting Permit User Sessions...
         Starting LSB: Set the CPU Frequency Scaling governor to "ondemand"...
         Starting LSB: automatic crash report generation...
         Starting LSB: daemon to balance interrupts for SMP systems...
[[0;32m  OK  [0m] Started Permit User Sessions.
[[0;32m  OK  [0m] Started Authenticate and Authorize Users to Run Privileged Tasks.
[[0;32m  OK  [0m] Started Accounts Service.
         Starting Terminate Plymouth Boot Screen...
         Starting Hold until boot process finishes up...
[[0;32m  OK  [0m] Started Terminate Plymouth Boot Screen.
[[0;32m  OK  [0m] Started Hold until boot process finishes up.
         Starting Set console scheme...
[[0;32m  OK  [0m] Started Getty on tty1.
[[0;32m  OK  [0m] Started Serial Getty on ttyS0.
[[0;32m  OK  [0m] Reached target Login Prompts.
[[0;32m  OK  [0m] Started Set console scheme.
[[0;32m  OK  [0m] Started LSB: Set the CPU Frequency Scaling governor to "ondemand".
[[0;32m  OK  [0m] Started Virtualbox guest utils.
[[0;32m  OK  [0m] Started LSB: automatic crash report generation.
[[0;32m  OK  [0m] Started LSB: daemon to balance interrupts for SMP systems.
[[0;32m  OK  [0m] Started Snappy daemon.
         Starting Wait until snapd is fully seeded...
[[0;32m  OK  [0m] Started Pollinate to seed the pseudo random number generator.
         Starting OpenBSD Secure Shell server...
[[0;32m  OK  [0m] Started OpenBSD Secure Shell server.
[[0;32m  OK  [0m] Created slice User Slice of vagrant.
         Starting User Manager for UID 1000...
[[0;32m  OK  [0m] Started Session 1 of user vagrant.
[[0;32m  OK  [0m] Started User Manager for UID 1000.
[[0;32m  OK  [0m] Started Wait until snapd is fully seeded.
         Starting Apply the settings specified in cloud-config...
[[0;32m  OK  [0m] Reached target Multi-User System.
[[0;32m  OK  [0m] Reached target Graphical Interface.
         Starting Update UTMP about System Runlevel Changes...
[[0;32m  OK  [0m] Started Update UTMP about System Runlevel Changes.

Ubuntu 16.04.6 LTS ubuntu-xenial ttyS0

ubuntu-xenial login: [   37.951637] cloud-init[1372]: Generating locales (this might take a while)...
[   43.712281] cloud-init[1372]:   en_US.UTF-8... done
[   43.720770] cloud-init[1372]: Generation complete.
[   46.253518] cloud-init[1372]: Cloud-init v. 19.4-33-gbb4131a2-0ubuntu1~16.04.1 running 'modules:config' at Mon, 04 May 2020 13:16:38 +0000. Up 36.75 seconds.
ci-info: no authorized SSH keys fingerprints found for user ubuntu.
<14>May  4 13:16:51 ec2: 
<14>May  4 13:16:51 ec2: #############################################################
<14>May  4 13:16:51 ec2: -----BEGIN SSH HOST KEY FINGERPRINTS-----
<14>May  4 13:16:51 ec2: 1024 SHA256:7bj9p3YpD1amzlabbWNy0pttQagOpCfp8n2X6oHVVr0 root@ubuntu-xenial (DSA)
<14>May  4 13:16:51 ec2: 256 SHA256:5df0SJM4Zc71ojG/pUMajMbcqnWGT4y24zu/QtTje0Y root@ubuntu-xenial (ECDSA)
<14>May  4 13:16:51 ec2: 256 SHA256:ZALfxTLy8YAOZusfeNlSorkGYIhjtwMmCXxeXKMGCiA root@ubuntu-xenial (ED25519)
<14>May  4 13:16:51 ec2: 2048 SHA256:McFh69mLAJKVsBIvPpl3owjHpmf3DzYhWqQu1z/TAAw root@ubuntu-xenial (RSA)
<14>May  4 13:16:51 ec2: -----END SSH HOST KEY FINGERPRINTS-----
<14>May  4 13:16:51 ec2: #############################################################
-----BEGIN SSH HOST KEY KEYS-----
ecdsa-sha2-nistp256 AAAAE2VjZHNhLXNoYTItbmlzdHAyNTYAAAAIbmlzdHAyNTYAAABBBOVatXmrYylgCzh/7mqMGRIWuH5BIv7YGTjh5UxATTgTLOrgnwg7A8OGUh/F3MsutyjDc6u9QA6W01xSIeXoA7Q= root@ubuntu-xenial
ssh-ed25519 AAAAC3NzaC1lZDI1NTE5AAAAIB51r5RGbPGDyXYLWUru7Wm0t+Rp83a8Ed5ICJqhjMva root@ubuntu-xenial
ssh-rsa AAAAB3NzaC1yc2EAAAADAQABAAABAQDPFTk7RYLns0CdSwaT6UEopcbSsUK7YRdokYog/BjNwe8crQRtTvISPhbhTRogkMPkmPyFO614+f6cOSeBTTkVOzg9Y4DYx0bPU5VheQv+Wapw2sYuf7k06Gvo9JY3dB3hCqhbmU064+PFWAJ+V5v7EEl5QoTTAeAY4T0LWUaRZ79vc9FLEL89pVUzQuYQr1YIR/X1lf27NC8iVKkEfciXm0fccU8f0hdWa0Xrnntt0sEj4DU8nElpe1M5DmxdNkVpngdysWi8rvHzY9L8QarYbNB5tn8pVwaR0RM31P6qWe39WeeJinJwh9xJF/nD++WZhZcBUjtB6eqAFngj2ZIn root@ubuntu-xenial
-----END SSH HOST KEY KEYS-----
[   49.832716] cloud-init[1629]: Cloud-init v. 19.4-33-gbb4131a2-0ubuntu1~16.04.1 running 'modules:final' at Mon, 04 May 2020 13:16:50 +0000. Up 48.52 seconds.
[   49.839774] cloud-init[1629]: ci-info: no authorized SSH keys fingerprints found for user ubuntu.
[   49.851161] cloud-init[1629]: Cloud-init v. 19.4-33-gbb4131a2-0ubuntu1~16.04.1 finished at Mon, 04 May 2020 13:16:51 +0000. Datasource DataSourceNoCloud [seed=/dev/sdb][dsmode=net].  Up 49.74 seconds
